
  ___  ____  ____  ____  ____ ®
 /__    /   ____/   /   ____/      StataNow 19.5
___/   /   /___/   /   /___/       MP—Parallel Edition

 Statistics and Data Science       Copyright 1985-2025 StataCorp LLC
                                   StataCorp
                                   4905 Lakeway Drive
                                   College Station, Texas 77845 USA
                                   800-782-8272        https://www.stata.com
                                   979-696-4600        service@stata.com

Stata license: Unlimited-user 2-core network, expiring  8 Jun 2026
Serial number: 501909302568
  Licensed to: Anzony QUISPE ROJAS
               

Notes:
      1. Stata is running in batch mode.
      2. Unicode is supported; see help unicode_advice.
      3. More than 2 billion observations are allowed; see help obs_advice.
      4. Maximum number of variables is set to 5,000 but can be increased;
          see help set_maxvar.

. do /tmp/check_stata_returns.do 

. use "/Users/anzony.quisperojas/Documents/GitHub/diff_diff_test/_data/wagepan.
> dta", clear

. did_multiplegt_dyn lwage nr year union, graph_off effects(5)


-------------------------------------------------------------------------------
> -
             Estimation of treatment effects: Event-study effects
-------------------------------------------------------------------------------
> -

             |  Estimate         SE      LB CI      UB CI          N 
-------------+-------------------------------------------------------
    Effect_1 |  .0409508   .0339709   -.025631   .1075325       2767 
    Effect_2 |  .0218878   .0393388  -.0552148   .0989904       2292 
    Effect_3 |  .0311019   .0425976  -.0523878   .1145917       1885 
    Effect_4 |  .0181627     .04721  -.0743672   .1106925       1497 
    Effect_5 | -.0499658   .0546254  -.1570297   .0570981       1126 

             | Switchers 
-------------+----------
    Effect_1 |       246 
    Effect_2 |       225 
    Effect_3 |       212 
    Effect_4 |       195 
    Effect_5 |       174 
-------------------------------------------------------------------------------
> -
Test of joint nullity of the effects : p-value = .38019916


-------------------------------------------------------------------------------
> -
               Average cumulative (total) effect per treatment unit
-------------------------------------------------------------------------------
> -

             |  Estimate         SE      LB CI      UB CI          N 
-------------+-------------------------------------------------------
  Av_tot_eff |  .0235192   .0551657  -.0846036    .131642       3573 

             |    Switch  x Periods 
-------------+---------------------
  Av_tot_eff |      1052            
-------------------------------------------------------------------------------
> -
Average number of time periods over which a treatment's effect is accumulated =
>  3.0672389


The development of this package was funded by the European Union (ERC, REALLYCR
> EDIBLE,GA N°101043899).

. ereturn list

scalars:
           e(Effect_1) =  .0409507582209782
         e(N_effect_1) =  2767
  e(N_switchers_effec
    t_1)               =  246
        e(se_effect_1) =  .0339709095495669
           e(Effect_2) =  .0218878152185475
         e(N_effect_2) =  2292
  e(N_switchers_effec
    t_2)               =  225
        e(se_effect_2) =  .0393387800621144
           e(Effect_3) =  .0311019248212154
         e(N_effect_3) =  1885
  e(N_switchers_effec
    t_3)               =  212
        e(se_effect_3) =  .04259758453805
           e(Effect_4) =  .0181626955133226
         e(N_effect_4) =  1497
  e(N_switchers_effec
    t_4)               =  195
        e(se_effect_4) =  .0472099724664976
           e(Effect_5) =  -.0499657834854421
         e(N_effect_5) =  1126
  e(N_switchers_effec
    t_5)               =  174
        e(se_effect_5) =  .0546254372201278
  e(se_avg_total_effe
    ct)                =  .0551657021888198
  e(N_switchers_effec
    t_average)         =  1052
  e(N_avg_total_effec
    t)                 =  3573
      e(Av_tot_effect) =  .0235192212472678
     e(p_jointeffects) =  .380199164882232

macros:
                e(cmd) : "did_multiplegt_dyn"
         e(properties) : "b V"

matrices:
                  e(b) :  1 x 6
                  e(V) :  6 x 6
          e(variances) :  7 x 1
          e(estimates) :  7 x 1

. 
end of do-file
